2023-12-20 18:08:22,454 [INFO] Activator:176 - 


2023-12-20 18:08:22,462 [INFO] Activator:177 - !SESSION log4j initialized
2023-12-20 18:08:27,745 [INFO] LogOutputStream:77 - [STDOUT_REDIRECT] 
2023-12-20 18:08:35,286 [INFO] ApplicationProperties:184 - Using Application install path: C:\ST\STM32CubeIDE_1.14.0\STM32CubeIDE\plugins\com.st.stm32cube.common.mx_6.10.0.202311202037
2023-12-20 18:08:35,308 [INFO] DbMcusXml:78 - Set database path to: C:\ST\STM32CubeIDE_1.14.0\STM32CubeIDE\plugins\com.st.stm32cube.common.mx_6.10.0.202311202037\\db\/mcu/
2023-12-20 18:08:35,308 [INFO] ApiDb:274 - Set plugin database path to: C:\ST\STM32CubeIDE_1.14.0\STM32CubeIDE\plugins\com.st.stm32cube.common.mx_6.10.0.202311202037\\db\/plugins/boardmanager/
2023-12-20 18:08:35,309 [WARN] ApiDb:259 - Overriding images path with different value:  => C:\ST\STM32CubeIDE_1.14.0\STM32CubeIDE\plugins\com.st.stm32cube.common.mx_6.10.0.202311202037\\db\/plugins/mcufinder/images/
2023-12-20 18:08:35,321 [INFO] ApiDb:250 - Set database path to: C:\Users\manha\.stmcufinder\plugins\mcufinder//mcu/
2023-12-20 18:08:35,322 [INFO] DbMcusAds:125 - Set database path to: C:\Users\manha\.stmcufinder\plugins\mcufinder//mcu/
2023-12-20 18:08:35,325 [INFO] CrossReferenceDbSqlite:203 - Set database path to: C:\Users\manha\.stmcufinder\plugins\mcufinder//mcu/cs/
2023-12-20 18:08:35,454 [INFO] RulesReader:64 - Compatibility file has been processed (297 Rules)
2023-12-20 18:08:35,576 [INFO] DbMcusXml:78 - Set database path to: C:\ST\STM32CubeIDE_1.14.0\STM32CubeIDE\plugins\com.st.stm32cube.common.mx_6.10.0.202311202037\\db\/mcu/
2023-12-20 18:08:35,576 [INFO] ApiDb:274 - Set plugin database path to: C:\ST\STM32CubeIDE_1.14.0\STM32CubeIDE\plugins\com.st.stm32cube.common.mx_6.10.0.202311202037\\db\/plugins/boardmanager/
2023-12-20 18:08:35,576 [INFO] ApiDb:261 - Set plugin images path to: C:\ST\STM32CubeIDE_1.14.0\STM32CubeIDE\plugins\com.st.stm32cube.common.mx_6.10.0.202311202037\\db\/plugins/mcufinder/images/
2023-12-20 18:08:35,576 [WARN] DbFile:41 - Overriding database path with different value: C:\Users\manha\.stmcufinder\plugins\mcufinder/ => C:\Users\manha\.stmcufinder\plugins\mcufinder
2023-12-20 18:08:35,576 [INFO] ApiDb:250 - Set database path to: C:\Users\manha\.stmcufinder\plugins\mcufinder//mcu/
2023-12-20 18:08:35,576 [WARN] DbFile:41 - Overriding database path with different value: C:\Users\manha\.stmcufinder\plugins\mcufinder/ => C:\Users\manha\.stmcufinder\plugins\mcufinder
2023-12-20 18:08:35,577 [INFO] DbMcusAds:125 - Set database path to: C:\Users\manha\.stmcufinder\plugins\mcufinder//mcu/
2023-12-20 18:08:35,577 [WARN] DbFile:41 - Overriding database path with different value: C:\Users\manha\.stmcufinder\plugins\mcufinder/ => C:\Users\manha\.stmcufinder\plugins\mcufinder
2023-12-20 18:08:35,577 [WARN] DbFile:41 - Overriding database path with different value: C:\Users\manha\.stmcufinder\plugins\mcufinder/ => C:\Users\manha\.stmcufinder\plugins\mcufinder
2023-12-20 18:08:35,577 [INFO] CrossReferenceDbSqlite:203 - Set database path to: C:\Users\manha\.stmcufinder\plugins\mcufinder//mcu/cs/
2023-12-20 18:08:35,701 [INFO] MainPanel:264 - HeapMemory: 268435456
2023-12-20 18:08:35,821 [INFO] DbMcusXml:78 - Set database path to: C:\ST\STM32CubeIDE_1.14.0\STM32CubeIDE\plugins\com.st.stm32cube.common.mx_6.10.0.202311202037\\db\/mcu/
2023-12-20 18:08:35,821 [INFO] ApiDb:274 - Set plugin database path to: C:\ST\STM32CubeIDE_1.14.0\STM32CubeIDE\plugins\com.st.stm32cube.common.mx_6.10.0.202311202037\\db\/plugins/boardmanager/
2023-12-20 18:08:35,821 [INFO] ApiDb:261 - Set plugin images path to: C:\ST\STM32CubeIDE_1.14.0\STM32CubeIDE\plugins\com.st.stm32cube.common.mx_6.10.0.202311202037\\db\/plugins/mcufinder/images/
2023-12-20 18:08:35,821 [WARN] DbFile:41 - Overriding database path with different value: C:\Users\manha\.stmcufinder\plugins\mcufinder/ => C:\Users\manha\.stmcufinder\plugins\mcufinder
2023-12-20 18:08:35,822 [INFO] ApiDb:250 - Set database path to: C:\Users\manha\.stmcufinder\plugins\mcufinder//mcu/
2023-12-20 18:08:35,822 [WARN] DbFile:41 - Overriding database path with different value: C:\Users\manha\.stmcufinder\plugins\mcufinder/ => C:\Users\manha\.stmcufinder\plugins\mcufinder
2023-12-20 18:08:35,822 [INFO] DbMcusAds:125 - Set database path to: C:\Users\manha\.stmcufinder\plugins\mcufinder//mcu/
2023-12-20 18:08:35,822 [WARN] DbFile:41 - Overriding database path with different value: C:\Users\manha\.stmcufinder\plugins\mcufinder/ => C:\Users\manha\.stmcufinder\plugins\mcufinder
2023-12-20 18:08:35,822 [WARN] DbFile:41 - Overriding database path with different value: C:\Users\manha\.stmcufinder\plugins\mcufinder/ => C:\Users\manha\.stmcufinder\plugins\mcufinder
2023-12-20 18:08:35,822 [INFO] CrossReferenceDbSqlite:203 - Set database path to: C:\Users\manha\.stmcufinder\plugins\mcufinder//mcu/cs/
2023-12-20 18:08:35,855 [INFO] ApplicationProperties:184 - Using Application install path: C:\ST\STM32CubeIDE_1.14.0\STM32CubeIDE\plugins\com.st.stm32cube.common.mx_6.10.0.202311202037
2023-12-20 18:08:35,857 [INFO] PluginManage:196 - Search for loadable plugins [exclusion list=, ]
2023-12-20 18:08:35,859 [INFO] PluginManage:310 - Check plugin analytics
2023-12-20 18:08:36,049 [INFO] AnalyticsPlugin:253 - Accepted Software Licenses: 
2023-12-20 18:08:36,049 [INFO] AnalyticsPlugin:255 - Accepted CMSIS Pack Licenses: 
2023-12-20 18:08:36,049 [INFO] AnalyticsPlugin:257 - Accepted Firmware Licenses: FW.F4.1.27.0
2023-12-20 18:08:36,052 [INFO] PluginManage:359 - Loaded plugin analytics (category:tool,tabindex:-1)
2023-12-20 18:08:36,052 [INFO] PluginManage:310 - Check plugin cadmodel
2023-12-20 18:08:36,071 [INFO] CADModel:105 - Init CAD model plugin
2023-12-20 18:08:36,072 [INFO] PluginManage:359 - Loaded plugin cadmodel (category:power,tabindex:5)
2023-12-20 18:08:36,072 [INFO] PluginManage:310 - Check plugin clock
2023-12-20 18:08:36,097 [INFO] PluginManage:359 - Loaded plugin clock (category:base,tabindex:2)
2023-12-20 18:08:36,097 [INFO] PluginManage:310 - Check plugin ddr
2023-12-20 18:08:36,100 [INFO] PluginManage:359 - Loaded plugin ddr (category:tool,tabindex:6)
2023-12-20 18:08:36,100 [INFO] PluginManage:310 - Check plugin filemanager
2023-12-20 18:08:36,254 [INFO] PluginManage:359 - Loaded plugin filemanager (category:base,tabindex:10)
2023-12-20 18:08:36,254 [INFO] PluginManage:310 - Check plugin ipmanager
2023-12-20 18:08:36,280 [INFO] PluginManage:359 - Loaded plugin ipmanager (category:base,tabindex:5)
2023-12-20 18:08:36,280 [INFO] PluginManage:310 - Check plugin lpbam
2023-12-20 18:08:36,302 [INFO] PluginManage:359 - Loaded plugin lpbam (category:base,tabindex:0)
2023-12-20 18:08:36,302 [INFO] PluginManage:310 - Check plugin memorymap
2023-12-20 18:08:36,327 [INFO] PluginManage:359 - Loaded plugin memorymap (category:base,tabindex:4)
2023-12-20 18:08:36,327 [INFO] PluginManage:310 - Check plugin pinoutandconfiguration
2023-12-20 18:08:36,347 [INFO] PluginManage:359 - Loaded plugin pinoutandconfiguration (category:base,tabindex:1)
2023-12-20 18:08:36,347 [INFO] PluginManage:310 - Check plugin pinoutconfig
2023-12-20 18:08:36,442 [WARN] SupportedApi:132 - Cannot load RTOS API schema: s4s-elt-must-match.1: The content of 'definitions' must match (annotation?, (simpleType | complexType)?, (unique | key | keyref)*)). A problem was found starting at: attribute.
2023-12-20 18:08:36,579 [INFO] PluginManage:359 - Loaded plugin pinoutconfig (category:base,tabindex:0)
2023-12-20 18:08:36,579 [INFO] PluginManage:310 - Check plugin power
2023-12-20 18:08:36,601 [INFO] PluginManage:359 - Loaded plugin power (category:power,tabindex:4)
2023-12-20 18:08:36,601 [INFO] PluginManage:310 - Check plugin projectmanager
2023-12-20 18:08:36,626 [INFO] PluginManage:359 - Loaded plugin projectmanager (category:projectmanager,tabindex:3)
2023-12-20 18:08:36,626 [INFO] PluginManage:310 - Check plugin thirdparty
2023-12-20 18:08:36,961 [INFO] PluginManage:359 - Loaded plugin thirdparty (category:base,tabindex:-1)
2023-12-20 18:08:36,961 [WARN] IntegrityCheckThread:84 - waiting for thirdparty lock release [integrity check]
2023-12-20 18:08:36,961 [INFO] PluginManage:310 - Check plugin tools
2023-12-20 18:08:36,961 [INFO] IntegrityCheckThread:86 - entering critical section [integrity check]
2023-12-20 18:08:36,962 [INFO] ThirdPartyUpdaterWithRetryManager:70 - Updater plugin not ready yet. [1/15]
2023-12-20 18:08:37,012 [INFO] PluginManage:359 - Loaded plugin tools (category:base,tabindex:7)
2023-12-20 18:08:37,012 [INFO] PluginManage:310 - Check plugin tutovideos
2023-12-20 18:08:37,249 [INFO] PluginManage:359 - Loaded plugin tutovideos (category:base,tabindex:-1)
2023-12-20 18:08:37,249 [INFO] PluginManage:310 - Check plugin updater
2023-12-20 18:08:37,262 [INFO] PluginManage:359 - Loaded plugin updater (category:base,tabindex:12)
2023-12-20 18:08:37,262 [INFO] PluginManage:310 - Check plugin userauth
2023-12-20 18:08:37,268 [INFO] UserAuth:114 - Init User Auth plugin
2023-12-20 18:08:37,268 [INFO] PluginManage:359 - Loaded plugin userauth (category:base,tabindex:14)
2023-12-20 18:08:37,269 [INFO] PluginManage:283 - PluginManage : Loaded plugins [17]
2023-12-20 18:08:37,587 [INFO] PinOutPanel:1499 - setPackage(No Configuration,No Configuration)
2023-12-20 18:08:37,731 [INFO] CADModel:165 - CPN selected for project level
2023-12-20 18:08:37,732 [INFO] CADModel:114 - Register for checkConnection events
2023-12-20 18:08:37,767 [INFO] IPUIPlugin:80 - create IPUIPlugin
2023-12-20 18:08:37,767 [INFO] PluginManager:220 - loadIPPluginJar : add adc
2023-12-20 18:08:37,818 [INFO] IPUIPlugin:80 - create IPUIPlugin
2023-12-20 18:08:37,818 [INFO] PluginManager:220 - loadIPPluginJar : add aes
2023-12-20 18:08:37,872 [INFO] IPUIPlugin:80 - create IPUIPlugin
2023-12-20 18:08:37,872 [INFO] PluginManager:220 - loadIPPluginJar : add can
2023-12-20 18:08:37,902 [INFO] IPUIPlugin:80 - create IPUIPlugin
2023-12-20 18:08:37,902 [INFO] PluginManager:220 - loadIPPluginJar : add comp
2023-12-20 18:08:37,945 [INFO] IPUIPlugin:80 - create IPUIPlugin
2023-12-20 18:08:37,945 [INFO] PluginManager:220 - loadIPPluginJar : add cryp
2023-12-20 18:08:37,980 [INFO] IPUIPlugin:80 - create IPUIPlugin
2023-12-20 18:08:37,981 [INFO] PluginManager:220 - loadIPPluginJar : add dfsdm
2023-12-20 18:08:37,995 [INFO] IPUIPlugin:80 - create IPUIPlugin
2023-12-20 18:08:37,996 [INFO] PluginManager:220 - loadIPPluginJar : add dma
2023-12-20 18:08:38,043 [INFO] IPUIPlugin:80 - create IPUIPlugin
2023-12-20 18:08:38,043 [INFO] PluginManager:220 - loadIPPluginJar : add dma3
2023-12-20 18:08:38,064 [INFO] IPUIPlugin:80 - create IPUIPlugin
2023-12-20 18:08:38,064 [INFO] PluginManager:220 - loadIPPluginJar : add fatfs
2023-12-20 18:08:38,113 [INFO] IPUIPlugin:80 - create IPUIPlugin
2023-12-20 18:08:38,113 [INFO] PluginManager:220 - loadIPPluginJar : add fmc
2023-12-20 18:08:38,128 [INFO] IPUIPlugin:80 - create IPUIPlugin
2023-12-20 18:08:38,129 [INFO] PluginManager:220 - loadIPPluginJar : add freertos
2023-12-20 18:08:38,149 [INFO] IPUIPlugin:80 - create IPUIPlugin
2023-12-20 18:08:38,149 [INFO] PluginManager:220 - loadIPPluginJar : add genericplugin
2023-12-20 18:08:38,260 [INFO] IPUIPlugin:80 - create IPUIPlugin
2023-12-20 18:08:38,260 [INFO] PluginManager:220 - loadIPPluginJar : add gfxmmu
2023-12-20 18:08:38,428 [INFO] IPUIPlugin:80 - create IPUIPlugin
2023-12-20 18:08:38,428 [INFO] PluginManager:220 - loadIPPluginJar : add gic
2023-12-20 18:08:38,444 [INFO] IPUIPlugin:80 - create IPUIPlugin
2023-12-20 18:08:38,444 [INFO] PluginManager:220 - loadIPPluginJar : add gpio
2023-12-20 18:08:38,561 [INFO] IPUIPlugin:80 - create IPUIPlugin
2023-12-20 18:08:38,561 [INFO] PluginManager:220 - loadIPPluginJar : add gtzc
2023-12-20 18:08:38,602 [INFO] IPUIPlugin:80 - create IPUIPlugin
2023-12-20 18:08:38,602 [INFO] PluginManager:220 - loadIPPluginJar : add hash
2023-12-20 18:08:38,671 [INFO] IPUIPlugin:80 - create IPUIPlugin
2023-12-20 18:08:38,672 [INFO] PluginManager:220 - loadIPPluginJar : add i2c
2023-12-20 18:08:38,726 [INFO] IPUIPlugin:80 - create IPUIPlugin
2023-12-20 18:08:38,726 [INFO] PluginManager:220 - loadIPPluginJar : add i2s
2023-12-20 18:08:38,781 [INFO] IPUIPlugin:80 - create IPUIPlugin
2023-12-20 18:08:38,781 [INFO] PluginManager:220 - loadIPPluginJar : add i3c
2023-12-20 18:08:38,925 [INFO] IPUIPlugin:80 - create IPUIPlugin
2023-12-20 18:08:38,926 [INFO] PluginManager:220 - loadIPPluginJar : add ipddr
2023-12-20 18:08:39,058 [INFO] IPUIPlugin:80 - create IPUIPlugin
2023-12-20 18:08:39,058 [INFO] PluginManager:220 - loadIPPluginJar : add linkedlist
2023-12-20 18:08:39,105 [INFO] IPUIPlugin:80 - create IPUIPlugin
2023-12-20 18:08:39,105 [INFO] PluginManager:220 - loadIPPluginJar : add lorawan
2023-12-20 18:08:39,152 [INFO] IPUIPlugin:80 - create IPUIPlugin
2023-12-20 18:08:39,153 [INFO] PluginManager:220 - loadIPPluginJar : add ltdc
2023-12-20 18:08:39,169 [INFO] IPUIPlugin:80 - create IPUIPlugin
2023-12-20 18:08:39,169 [INFO] PluginManager:220 - loadIPPluginJar : add mdma
2023-12-20 18:08:39,185 [INFO] IPUIPlugin:80 - create IPUIPlugin
2023-12-20 18:08:39,186 [INFO] PluginManager:220 - loadIPPluginJar : add nvic
2023-12-20 18:08:39,235 [INFO] IPUIPlugin:80 - create IPUIPlugin
2023-12-20 18:08:39,235 [INFO] PluginManager:220 - loadIPPluginJar : add opamp
2023-12-20 18:08:39,313 [INFO] IPUIPlugin:80 - create IPUIPlugin
2023-12-20 18:08:39,314 [INFO] PluginManager:220 - loadIPPluginJar : add openamp
2023-12-20 18:08:39,367 [INFO] IPUIPlugin:80 - create IPUIPlugin
2023-12-20 18:08:39,367 [INFO] PluginManager:220 - loadIPPluginJar : add pdm2pcm
2023-12-20 18:08:39,384 [INFO] IPUIPlugin:80 - create IPUIPlugin
2023-12-20 18:08:39,386 [INFO] PluginManager:220 - loadIPPluginJar : add plateformsettings
2023-12-20 18:08:39,412 [INFO] IPUIPlugin:80 - create IPUIPlugin
2023-12-20 18:08:39,412 [INFO] PluginManager:220 - loadIPPluginJar : add quadspi
2023-12-20 18:08:39,427 [INFO] IPUIPlugin:80 - create IPUIPlugin
2023-12-20 18:08:39,427 [INFO] PluginManager:220 - loadIPPluginJar : add resmgrutility
2023-12-20 18:08:39,486 [INFO] IPUIPlugin:80 - create IPUIPlugin
2023-12-20 18:08:39,486 [INFO] PluginManager:220 - loadIPPluginJar : add sai
2023-12-20 18:08:39,528 [INFO] IPUIPlugin:80 - create IPUIPlugin
2023-12-20 18:08:39,528 [INFO] PluginManager:220 - loadIPPluginJar : add spi
2023-12-20 18:08:39,608 [INFO] IPUIPlugin:80 - create IPUIPlugin
2023-12-20 18:08:39,608 [INFO] PluginManager:220 - loadIPPluginJar : add stm32_wpan
2023-12-20 18:08:39,638 [INFO] IPUIPlugin:80 - create IPUIPlugin
2023-12-20 18:08:39,638 [INFO] PluginManager:220 - loadIPPluginJar : add tim
2023-12-20 18:08:39,712 [INFO] IPUIPlugin:80 - create IPUIPlugin
2023-12-20 18:08:39,712 [INFO] PluginManager:220 - loadIPPluginJar : add touchsensing
2023-12-20 18:08:39,741 [INFO] IPUIPlugin:80 - create IPUIPlugin
2023-12-20 18:08:39,741 [INFO] PluginManager:220 - loadIPPluginJar : add tracer_emb
2023-12-20 18:08:39,770 [INFO] IPUIPlugin:80 - create IPUIPlugin
2023-12-20 18:08:39,770 [INFO] PluginManager:220 - loadIPPluginJar : add ts
2023-12-20 18:08:39,795 [INFO] IPUIPlugin:80 - create IPUIPlugin
2023-12-20 18:08:39,795 [INFO] PluginManager:220 - loadIPPluginJar : add tsc
2023-12-20 18:08:39,821 [INFO] IPUIPlugin:80 - create IPUIPlugin
2023-12-20 18:08:39,821 [INFO] PluginManager:220 - loadIPPluginJar : add ucpd
2023-12-20 18:08:39,872 [INFO] IPUIPlugin:80 - create IPUIPlugin
2023-12-20 18:08:39,872 [INFO] PluginManager:220 - loadIPPluginJar : add usart
2023-12-20 18:08:39,919 [INFO] IPUIPlugin:80 - create IPUIPlugin
2023-12-20 18:08:39,919 [INFO] PluginManager:220 - loadIPPluginJar : add usbx
2023-12-20 18:08:39,964 [INFO] ThirdPartyUpdaterWithRetryManager:70 - Updater plugin not ready yet. [2/15]
2023-12-20 18:08:40,042 [INFO] CADModel:165 - CPN selected for project level
2023-12-20 18:08:40,042 [INFO] CADModel:114 - Register for checkConnection events
2023-12-20 18:08:40,042 [FATAL] Updater:308 - Updater called before beeing initialized
2023-12-20 18:08:40,042 [ERROR] CADModel:125 - Updater not yet initialized, retry later 
2023-12-20 18:08:40,173 [INFO] CADModel:165 - CPN selected for project level
2023-12-20 18:08:40,173 [INFO] CADModel:114 - Register for checkConnection events
2023-12-20 18:08:40,173 [FATAL] Updater:308 - Updater called before beeing initialized
2023-12-20 18:08:40,173 [ERROR] CADModel:125 - Updater not yet initialized, retry later 
2023-12-20 18:08:40,177 [FATAL] Updater:308 - Updater called before beeing initialized
2023-12-20 18:08:40,358 [FATAL] Updater:308 - Updater called before beeing initialized
2023-12-20 18:08:40,378 [INFO] DbMcusAds:53 - JSON generation date=Wed Nov 29 03:52:27 MST 2023 (1701255147349)
2023-12-20 18:08:40,378 [FATAL] Updater:308 - Updater called before beeing initialized
2023-12-20 18:08:40,470 [WARN] DetailPanel:346 - Failed to get advertising image, set to default
2023-12-20 18:08:40,589 [FATAL] Updater:308 - Updater called before beeing initialized
2023-12-20 18:08:40,590 [FATAL] Updater:308 - Updater called before beeing initialized
2023-12-20 18:08:40,591 [FATAL] Updater:308 - Updater called before beeing initialized
2023-12-20 18:08:40,591 [WARN] DetailPanel:346 - Failed to get advertising image, set to default
2023-12-20 18:08:40,591 [FATAL] Updater:308 - Updater called before beeing initialized
2023-12-20 18:08:40,653 [ERROR] Updater:1120 - MainUpdater not yet initialized. External WinMGr cannot be set.
2023-12-20 18:08:40,664 [INFO] Updater:1056 - Updater Version found : 6.10.0
2023-12-20 18:08:40,679 [INFO] ApplicationProperties:184 - Using Application install path: C:\ST\STM32CubeIDE_1.14.0\STM32CubeIDE\plugins\com.st.stm32cube.common.mx_6.10.0.202311202037
2023-12-20 18:08:42,260 [ERROR] LogOutputStream:75 - [STDERR_REDIRECT] Dec 20, 2023 6:08:42 PM java.util.prefs.WindowsPreferences <init>
2023-12-20 18:08:42,263 [ERROR] LogOutputStream:75 - [STDERR_REDIRECT] WARNING: Could not open/create prefs root node Software\JavaSoft\Prefs at root 0xffffffff80000002. Windows RegCreateKeyEx(...) returned error code 5.
2023-12-20 18:08:42,263 [ERROR] LogOutputStream:75 - [STDERR_REDIRECT] 
2023-12-20 18:08:42,650 [INFO] MainUpdater:2873 - connection check result : 10
2023-12-20 18:08:42,651 [INFO] MainUpdater:290 - Updater Check For Update Now.
2023-12-20 18:08:42,651 [INFO] MicroXplorer:498 - Change Database Version : DB.6.0.100
2023-12-20 18:08:42,666 [INFO] McuFinderGlobals:63 - Set McuFinder mode to 2 (CubeIDE integrated)
2023-12-20 18:08:42,875 [INFO] CheckServerUpdateThread:120 - End of CheckServer Thread
2023-12-20 18:08:42,978 [INFO] UserAuth:404 - Internet connection configuration mode: 1
2023-12-20 18:08:43,003 [INFO] JxBrowserEngine:152 - Initiate JxBrowser Engine with user profile folder
2023-12-20 18:08:43,286 [WARN] PackLoader:240 - Cannot read IP mode file for STMicroelectronics.X-CUBE-SMBUS.2.1.0
2023-12-20 18:08:43,306 [WARN] PackLoader:240 - Cannot read IP mode file for STMicroelectronics.X-CUBE-TOUCHGFX.4.23.0
2023-12-20 18:08:43,358 [WARN] PackLoader:240 - Cannot read IP mode file for STMicroelectronics.X-CUBE-AZRTOS-F7.1.1.0
2023-12-20 18:08:43,383 [WARN] PackLoader:240 - Cannot read IP mode file for STMicroelectronics.FP-SNS-MOTENV1.4.3.2
2023-12-20 18:08:43,403 [WARN] PackLoader:240 - Cannot read IP mode file for STMicroelectronics.FP-SNS-FLIGHT1.5.0.1
2023-12-20 18:08:43,425 [WARN] PackLoader:240 - Cannot read IP mode file for STMicroelectronics.X-CUBE-BLE1.6.2.4
2023-12-20 18:08:43,441 [WARN] PackLoader:240 - Cannot read IP mode file for STMicroelectronics.FP-SNS-FLIGHT1.5.0.2
2023-12-20 18:08:43,465 [WARN] PackLoader:240 - Cannot read IP mode file for STMicroelectronics.X-CUBE-DISPLAY.3.0.0
2023-12-20 18:08:43,490 [WARN] PackLoader:240 - Cannot read IP mode file for STMicroelectronics.X-CUBE-BLE1.7.0.0
2023-12-20 18:08:43,510 [WARN] PackLoader:240 - Cannot read IP mode file for STMicroelectronics.X-CUBE-TOUCHGFX.4.22.0
2023-12-20 18:08:43,526 [WARN] PackLoader:240 - Cannot read IP mode file for STMicroelectronics.X-CUBE-TOUCHGFX.4.22.1
2023-12-20 18:08:43,545 [WARN] PackLoader:240 - Cannot read IP mode file for STMicroelectronics.FP-SNS-SMARTAG2.1.2.0
2023-12-20 18:08:43,578 [INFO] LogOutputStream:77 - [STDOUT_REDIRECT] 1 : Invalid condition id : UX_CORESTACK_Condition cause : null
2023-12-20 18:08:43,578 [INFO] LogOutputStream:77 - [STDOUT_REDIRECT] 1 : Invalid condition id : UX_CORESTACK_Condition cause : null
2023-12-20 18:08:43,580 [INFO] LogOutputStream:77 - [STDOUT_REDIRECT] 1 : Invalid condition id : UX_CORESTACK_Condition cause : null
2023-12-20 18:08:43,582 [INFO] LogOutputStream:77 - [STDOUT_REDIRECT] 1 : Invalid condition id : UX_CORESTACK_Condition cause : null
2023-12-20 18:08:43,584 [INFO] LogOutputStream:77 - [STDOUT_REDIRECT] 1 : Invalid condition id : UX_CORESTACK_Condition cause : null
2023-12-20 18:08:43,588 [WARN] PackLoader:240 - Cannot read IP mode file for STMicroelectronics.X-CUBE-AZRTOS-WL.2.0.0
2023-12-20 18:08:43,616 [WARN] PackLoader:240 - Cannot read IP mode file for WES.I-CUBE-Cesium.1.3.0
2023-12-20 18:08:43,636 [WARN] PackLoader:240 - Cannot read IP mode file for STMicroelectronics.X-CUBE-BLE2.3.3.0
2023-12-20 18:08:43,661 [WARN] PackLoader:240 - Cannot read IP mode file for STMicroelectronics.X-CUBE-TOF1.3.2.0
2023-12-20 18:08:43,688 [WARN] PackLoader:240 - Cannot read IP mode file for STMicroelectronics.X-CUBE-TOUCHGFX.4.21.1
2023-12-20 18:08:43,767 [WARN] PackLoader:240 - Cannot read IP mode file for STMicroelectronics.X-CUBE-MEMS1.9.4.0
2023-12-20 18:08:43,997 [WARN] PackLoader:240 - Cannot read IP mode file for STMicroelectronics.X-CUBE-AI.7.3.0
2023-12-20 18:08:44,020 [WARN] PackLoader:240 - Cannot read IP mode file for STMicroelectronics.X-CUBE-ALGOBUILD.1.3.0
2023-12-20 18:08:44,057 [WARN] PackLoader:240 - Cannot read IP mode file for STMicroelectronics.X-CUBE-AZRTOS-G0.1.1.0
2023-12-20 18:08:44,077 [WARN] PackLoader:240 - Cannot read IP mode file for STMicroelectronics.X-CUBE-NFC4.3.0.0
2023-12-20 18:08:44,101 [WARN] PackLoader:240 - Cannot read IP mode file for STMicroelectronics.X-CUBE-BLEMGR.3.0.0
2023-12-20 18:08:44,122 [WARN] PackLoader:240 - Cannot read IP mode file for STMicroelectronics.X-CUBE-BLEMGR.1.3.0
2023-12-20 18:08:44,139 [WARN] PackLoader:240 - Cannot read IP mode file for STMicroelectronics.FP-ATR-SIGFOX1.3.2.0
2023-12-20 18:08:44,187 [WARN] PackLoader:240 - Cannot read IP mode file for SEGGER.I-CUBE-embOS.1.3.1
2023-12-20 18:08:44,261 [WARN] PackLoader:240 - Cannot read IP mode file for STMicroelectronics.X-CUBE-GNSS1.6.0.0
2023-12-20 18:08:44,301 [WARN] PackLoader:240 - Cannot read IP mode file for STMicroelectronics.X-CUBE-AZRTOS-F4.1.1.0
2023-12-20 18:08:44,342 [WARN] PackLoader:240 - Cannot read IP mode file for STMicroelectronics.X-CUBE-AZRTOS-L5.2.0.0
2023-12-20 18:08:44,408 [WARN] PackLoader:240 - Cannot read IP mode file for STMicroelectronics.X-CUBE-MEMS1.9.6.0
2023-12-20 18:08:44,616 [WARN] PackLoader:240 - Cannot read IP mode file for STMicroelectronics.X-CUBE-EEPRMA1.4.2.0
2023-12-20 18:08:44,637 [WARN] PackLoader:240 - Cannot read IP mode file for ITTIA_DB.I-CUBE-ITTIADB.8.8.0
2023-12-20 18:08:44,659 [WARN] PackLoader:240 - Cannot read IP mode file for emotas.I-CUBE-CANOPEN.1.1.3
2023-12-20 18:08:44,677 [WARN] PackLoader:240 - Cannot read IP mode file for STMicroelectronics.X-CUBE-BLEMGR.2.0.0
2023-12-20 18:08:44,716 [WARN] ConditionMgr:438 - getConditionDescription Invalid condition id : UX DEVICE CLASS RTOS Condition cause : null
2023-12-20 18:08:44,716 [WARN] ConditionMgr:438 - getConditionDescription Invalid condition id : UX DEVICE CLASS RTOS Condition cause : null
2023-12-20 18:08:44,719 [WARN] PackLoader:240 - Cannot read IP mode file for STMicroelectronics.X-CUBE-AZRTOS-H7.3.1.0
2023-12-20 18:08:44,721 [WARN] ConditionMgr:1039 - genDependencies : Invalid condition id : UX DEVICE CLASS RTOS Condition cause : null
2023-12-20 18:08:44,721 [WARN] ConditionMgr:1039 - genDependencies : Invalid condition id : UX DEVICE CLASS RTOS Condition cause : null
2023-12-20 18:08:44,722 [WARN] ConditionMgr:1039 - genDependencies : Invalid condition id : UX DEVICE CLASS RTOS Condition cause : null
2023-12-20 18:08:44,722 [WARN] ConditionMgr:1039 - genDependencies : Invalid condition id : UX DEVICE CLASS RTOS Condition cause : null
2023-12-20 18:08:44,723 [WARN] ConditionMgr:1039 - genDependencies : Invalid condition id : UX DEVICE CLASS RTOS Condition cause : null
2023-12-20 18:08:44,741 [WARN] PackLoader:240 - Cannot read IP mode file for wolfSSL.I-CUBE-wolfSSL.5.5.4
2023-12-20 18:08:44,758 [WARN] PackLoader:240 - Cannot read IP mode file for STMicroelectronics.X-CUBE-NFC7.1.0.1
2023-12-20 18:08:44,774 [WARN] PackLoader:240 - Cannot read IP mode file for STMicroelectronics.X-CUBE-NFC7.1.0.0
2023-12-20 18:08:44,794 [WARN] PackLoader:240 - Cannot read IP mode file for STMicroelectronics.X-CUBE-NFC6.3.0.0
2023-12-20 18:08:44,810 [WARN] PackLoader:240 - Cannot read IP mode file for STMicroelectronics.X-CUBE-EEPRMA1.4.1.0
2023-12-20 18:08:44,826 [WARN] PackLoader:240 - Cannot read IP mode file for STMicroelectronics.X-CUBE-AI.8.1.0
2023-12-20 18:08:44,859 [WARN] ConditionMgr:438 - getConditionDescription Invalid condition id : LAN8742 Phy interface Condition cause : null
2023-12-20 18:08:44,860 [WARN] PackLoader:240 - Cannot read IP mode file for STMicroelectronics.X-CUBE-AZRTOS-L4.2.0.0
2023-12-20 18:08:44,862 [WARN] ConditionMgr:1039 - genDependencies : Invalid condition id : LAN8742 Phy interface Condition cause : null
2023-12-20 18:08:44,862 [WARN] ConditionMgr:1039 - genDependencies : Invalid condition id : LAN8742 Phy interface Condition cause : null
2023-12-20 18:08:44,863 [WARN] ConditionMgr:1039 - genDependencies : Invalid condition id : LAN8742 Phy interface Condition cause : null
2023-12-20 18:08:44,883 [WARN] PackLoader:240 - Cannot read IP mode file for STMicroelectronics.X-CUBE-SFXS2LP1.4.0.0
2023-12-20 18:08:44,922 [WARN] PackLoader:240 - Cannot read IP mode file for STMicroelectronics.X-CUBE-AZRTOS-H7.3.0.0
2023-12-20 18:08:44,941 [WARN] PackLoader:240 - Cannot read IP mode file for STMicroelectronics.X-CUBE-ISPU.1.1.0
2023-12-20 18:08:44,962 [WARN] PackLoader:240 - Cannot read IP mode file for RoweBots.I-CUBE-UNISONRTOS.5.5.0-4
2023-12-20 18:08:44,994 [WARN] ConditionMgr:438 - getConditionDescription Invalid condition id : UX DEVICE CLASS RTOS Condition cause : null
2023-12-20 18:08:44,994 [WARN] ConditionMgr:438 - getConditionDescription Invalid condition id : UX DEVICE CLASS RTOS Condition cause : null
2023-12-20 18:08:44,997 [WARN] PackLoader:240 - Cannot read IP mode file for STMicroelectronics.X-CUBE-AZRTOS-WB.2.0.0
2023-12-20 18:08:44,998 [WARN] ConditionMgr:1039 - genDependencies : Invalid condition id : UX DEVICE CLASS RTOS Condition cause : null
2023-12-20 18:08:44,998 [WARN] ConditionMgr:1039 - genDependencies : Invalid condition id : UX DEVICE CLASS RTOS Condition cause : null
2023-12-20 18:08:44,999 [WARN] ConditionMgr:1039 - genDependencies : Invalid condition id : UX DEVICE CLASS RTOS Condition cause : null
2023-12-20 18:08:44,999 [WARN] ConditionMgr:1039 - genDependencies : Invalid condition id : UX DEVICE CLASS RTOS Condition cause : null
2023-12-20 18:08:44,999 [WARN] ConditionMgr:1039 - genDependencies : Invalid condition id : UX DEVICE CLASS RTOS Condition cause : null
2023-12-20 18:08:45,018 [WARN] PackLoader:240 - Cannot read IP mode file for STMicroelectronics.X-CUBE-FREERTOS.1.0.1
2023-12-20 18:08:45,052 [WARN] PackLoader:240 - Cannot read IP mode file for STMicroelectronics.X-CUBE-AZRTOS-L5.1.1.0
2023-12-20 18:08:45,072 [WARN] PackLoader:240 - Cannot read IP mode file for STMicroelectronics.X-CUBE-AI.8.0.1
2023-12-20 18:08:45,096 [WARN] PackLoader:240 - Cannot read IP mode file for STMicroelectronics.X-CUBE-SUBG2.5.0.0
2023-12-20 18:08:45,127 [WARN] PackLoader:240 - Cannot read IP mode file for STMicroelectronics.X-CUBE-TOF1.3.3.1
2023-12-20 18:08:45,165 [WARN] PackLoader:240 - Cannot read IP mode file for STMicroelectronics.X-CUBE-AZRTOS-G4.2.0.0
2023-12-20 18:08:45,182 [WARN] PackLoader:240 - Cannot read IP mode file for STMicroelectronics.FP-ATR-ASTRA1.1.1.1
2023-12-20 18:08:45,212 [WARN] PackLoader:240 - Cannot read IP mode file for Infineon.AIROC-Wi-Fi-Bluetooth-STM32.1.5.1
2023-12-20 18:08:45,232 [WARN] PackLoader:240 - Cannot read IP mode file for STMicroelectronics.FP-SNS-MOTENVWB1.1.3.0
2023-12-20 18:08:45,245 [WARN] PackLoader:240 - Cannot read IP mode file for STMicroelectronics.FP-SNS-MOTENVWB1.1.3.1
2023-12-20 18:08:45,272 [WARN] PackLoader:240 - Cannot read IP mode file for STMicroelectronics.X-CUBE-AZRTOS-G4.1.0.0
2023-12-20 18:08:45,306 [WARN] PackLoader:240 - Cannot read IP mode file for STMicroelectronics.X-CUBE-AZRTOS-L4.1.0.0
2023-12-20 18:08:45,322 [WARN] PackLoader:240 - Cannot read IP mode file for STMicroelectronics.X-CUBE-ISPU.2.0.0
2023-12-20 18:08:45,383 [WARN] PackLoader:240 - Cannot read IP mode file for STMicroelectronics.X-CUBE-MEMS1.10.0.0
2023-12-20 18:08:45,532 [WARN] PackLoader:240 - Cannot read IP mode file for STMicroelectronics.X-CUBE-FREERTOS.1.1.0
2023-12-20 18:08:45,555 [WARN] PackLoader:240 - Cannot read IP mode file for STMicroelectronics.X-CUBE-AZRTOS-WL.1.0.0
2023-12-20 18:08:45,574 [WARN] PackLoader:240 - Cannot read IP mode file for portGmbH.I-Cube-SoM-uGOAL.1.1.0
2023-12-20 18:08:45,589 [WARN] PackLoader:240 - Cannot read IP mode file for STMicroelectronics.X-CUBE-ALS.1.0.1
2023-12-20 18:08:45,622 [WARN] PackLoader:240 - Cannot read IP mode file for STMicroelectronics.X-CUBE-AZRTOS-WB.1.1.0
2023-12-20 18:08:45,639 [WARN] PackLoader:240 - Cannot read IP mode file for STMicroelectronics.FP-ATR-ASTRA1.2.0.0
2023-12-20 18:08:45,663 [WARN] PackLoader:240 - Cannot read IP mode file for STMicroelectronics.X-CUBE-TOF1.3.4.0
2023-12-20 18:08:45,713 [WARN] PackLoader:240 - Cannot read IP mode file for STMicroelectronics.X-CUBE-AZRTOS-H7.3.2.0
2023-12-20 18:08:45,717 [INFO] ThirdParty:978 - Integrity check success = true
2023-12-20 18:08:45,717 [INFO] IntegrityCheckThread:100 - exiting critical section [integrity check]
2023-12-20 18:08:45,717 [INFO] IntegrityCheckThread:103 - End integrity checks thread
2023-12-20 18:08:47,232 [INFO] WebApp:161 - Instantiating new browser for Auth
2023-12-20 18:08:47,833 [INFO] WebApp:780 - Register for checkConnection events
2023-12-20 18:08:47,833 [INFO] WebApp:414 - Apply proxy settings
2023-12-20 18:08:47,833 [INFO] WebApp:499 - Chromium requires no authentication
2023-12-20 18:08:47,841 [INFO] WebApp:442 - Direct internet connection detected
2023-12-20 18:08:48,017 [INFO] WebApp:192 - Starting web application
2023-12-20 18:08:48,017 [INFO] WebApp:544 - Web application path used C:\ST\STM32CubeIDE_1.14.0\STM32CubeIDE\plugins\com.st.stm32cube.common.mx_6.10.0.202311202037\db\plugins\mcufinder\reactClient1\index.html
