21:14:28 **** Build of configuration Debug for project test ****
make -j12 all 
arm-none-eabi-gcc "../Src/main.c" -mcpu=cortex-m4 -std=gnu11 -g3 -DSTM32F401xE -c -I"C:/Users/manha/OneDrive/Desktop/STM32F401RE/chip_headers/CMSIS/Include" -I"C:/Users/manha/OneDrive/Desktop/STM32F401RE/chip_headers/CMSIS/Device/ST/STM32F4xx/Include" -O0 -ffunction-sections -fdata-sections -Wall -fstack-usage -fcyclomatic-complexity -MMD -MP -MF"Src/main.d" -MT"Src/main.o" --specs=nano.specs -mfpu=fpv4-sp-d16 -mfloat-abi=hard -mthumb -o "Src/main.o"
arm-none-eabi-gcc -o "test.elf" @"objects.list"   -mcpu=cortex-m4 -T"C:\Users\manha\OneDrive\Desktop\STM32F401RE\test\STM32F401RETX_FLASH.ld" --specs=nosys.specs -Wl,-Map="test.map" -Wl,--gc-sections -static --specs=nano.specs -mfpu=fpv4-sp-d16 -mfloat-abi=hard -mthumb -Wl,--start-group -lc -lm -Wl,--end-group
Finished building target: test.elf
 
arm-none-eabi-size  test.elf 
arm-none-eabi-objdump -h -S test.elf  > "test.list"
   text	   data	    bss	    dec	    hex	filename
   1092	     12	   1564	   2668	    a6c	test.elf
Finished building: default.size.stdout
 
Finished building: test.list
 
21:15:10 **** Incremental Build of configuration Debug for project test ****
make -j12 all 
arm-none-eabi-size  test.elf 
   text	   data	    bss	    dec	    hex	filename
   1092	     12	   1564	   2668	    a6c	test.elf
Finished building: default.size.stdout
 
21:19:08 **** Incremental Build of configuration Debug for project 8_uart_rx ****
make -j12 all 
arm-none-eabi-gcc "../Src/uart.c" -mcpu=cortex-m4 -std=gnu11 -g3 -DSTM32F401xE -c -I"C:/Users/manha/OneDrive/Desktop/STM32F401RE/chip_headers/CMSIS/Include" -I"C:/Users/manha/OneDrive/Desktop/STM32F401RE/chip_headers/CMSIS/Device/ST/STM32F4xx/Include" -O0 -ffunction-sections -fdata-sections -Wall -fstack-usage -fcyclomatic-complexity -MMD -MP -MF"Src/uart.d" -MT"Src/uart.o" --specs=nano.specs -mfpu=fpv4-sp-d16 -mfloat-abi=hard -mthumb -o "Src/uart.o"
arm-none-eabi-gcc -o "8_uart_rx.elf" @"objects.list"   -mcpu=cortex-m4 -T"C:\Users\manha\OneDrive\Desktop\STM32F401RE\8_uart_rx\STM32F401RETX_FLASH.ld" --specs=nosys.specs -Wl,-Map="8_uart_rx.map" -Wl,--gc-sections -static --specs=nano.specs -mfpu=fpv4-sp-d16 -mfloat-abi=hard -mthumb -Wl,--start-group -lc -lm -Wl,--end-group
Finished building target: 8_uart_rx.elf
 
arm-none-eabi-size  8_uart_rx.elf 
arm-none-eabi-objdump -h -S 8_uart_rx.elf  > "8_uart_rx.list"
   text	   data	    bss	    dec	    hex	filename
   1080	      8	   1568	   2656	    a60	8_uart_rx.elf
Finished building: default.size.stdout
 
Finished building: 8_uart_rx.list
 
